Default precision:
Default: 0 123.4567 34567 10000000012.345 1e+20
Type f : 0.000000 123.456700 34567.000000 10000000012.344999 100000000000000000000.000000
Type e : 0.000000e+00 1.234567e+02 3.456700e+04 1.000000e+10 1.000000e+20
Type g : 0 123.457 34567 1e+10 1e+20
Type a : 0x0p+0 0x1.edd3a92a30553p+6 0x1.0e0ep+15 0x1.2a05f2062c28fp+33 0x1.5af1d78b58c4p+66

Alternate form:
Default: 0.0 123.4567 34567.0 10000000012.345 1.e+20
Type f : 0.000000 123.456700 34567.000000 10000000012.344999 100000000000000000000.000000
Type e : 0.000000e+00 1.234567e+02 3.456700e+04 1.000000e+10 1.000000e+20
Type g : 0.00000 123.457 34567.0 1.00000e+10 1.00000e+20
Type a : 0x0.p+0 0x1.edd3a92a30553p+6 0x1.0e0ep+15 0x1.2a05f2062c28fp+33 0x1.5af1d78b58c4p+66

Precision=3:
Default: 0 123 3.46e+04 1e+10 1e+20
Type f : 0.000 123.457 34567.000 10000000012.345 100000000000000000000.000
Type e : 0.000e+00 1.235e+02 3.457e+04 1.000e+10 1.000e+20
Type g : 0 123 3.46e+04 1e+10 1e+20
Type a : 0x0.000p+0 0x1.eddp+6 0x1.0e1p+15 0x1.2a0p+33 0x1.5afp+66

Precision=3, alternate form:
Default: 0.00 123.0 3.46e+04 1.00e+10 1.00e+20
Type f : 0.000 123.457 34567.000 10000000012.345 100000000000000000000.000
Type e : 0.000e+00 1.235e+02 3.457e+04 1.000e+10 1.000e+20
Type g : 0.00 123.0 3.46e+04 1.00e+10 1.00e+20
Type a : 0x0.000p+0 0x1.eddp+6 0x1.0e1p+15 0x1.2a0p+33 0x1.5afp+66
